INFO:root:JSON id.json limpio
INFO:root:JSON diario.json limpio
INFO:root:CSV diario.csv limpio
INFO:root:Ids recojidos con éxito
INFO:root:Conectado a la api de la AEMET
INFO:root:Conectado a la api de la AEMET
INFO:root:Datos recogidos con exito
INFO:root:Conectado a la api de la AEMET
INFO:root:Conectado a la api de la AEMET
INFO:root:Datos recogidos con exito
INFO:root:Conectado a la api de la AEMET
INFO:root:Conectado a la api de la AEMET
INFO:root:Datos recogidos con exito
INFO:root:Conectado a la api de la AEMET
INFO:root:Conectado a la api de la AEMET
INFO:root:Datos recogidos con exito
INFO:root:Conectado a la api de la AEMET
INFO:root:Conectado a la api de la AEMET
INFO:root:Datos recogidos con exito
INFO:root:Conectado a la api de la AEMET
INFO:root:Conectado a la api de la AEMET
INFO:root:Datos recogidos con exito
INFO:root:Conectado a la api de la AEMET
INFO:root:Conectado a la api de la AEMET
INFO:root:Datos recogidos con exito
INFO:root:Conectado a la api de la AEMET
INFO:root:Conectado a la api de la AEMET
INFO:root:Datos recogidos con exito
INFO:root:Conectado a la api de la AEMET
INFO:root:Conectado a la api de la AEMET
INFO:root:Datos recogidos con exito
INFO:root:Conectado a la api de la AEMET
INFO:root:Conectado a la api de la AEMET
INFO:root:Datos recogidos con exito
INFO:root:Fecha 2025-05-07 09:42:08.026577 formateada
INFO:root:Datos dentro del csv de Prediciones
